c:\users\matze\onedrive\hs\ss 19\objektorientierte systeme\oos semester 2019\labor_4_1_medien in einer bibliothek\debug\vc142.pdb
c:\users\matze\onedrive\hs\ss 19\objektorientierte systeme\oos semester 2019\labor_4_1_medien in einer bibliothek\debug\vc142.idb
c:\users\matze\onedrive\hs\ss 19\objektorientierte systeme\oos semester 2019\labor_4_1_medien in einer bibliothek\debug\datum.obj
c:\users\matze\onedrive\hs\ss 19\objektorientierte systeme\oos semester 2019\labor_4_1_medien in einer bibliothek\debug\person.obj
c:\users\matze\onedrive\hs\ss 19\objektorientierte systeme\oos semester 2019\labor_4_1_medien in einer bibliothek\debug\medium.obj
c:\users\matze\onedrive\hs\ss 19\objektorientierte systeme\oos semester 2019\labor_4_1_medien in einer bibliothek\debug\student.obj
c:\users\matze\onedrive\hs\ss 19\objektorientierte systeme\oos semester 2019\labor_4_1_medien in einer bibliothek\debug\dvd.obj
c:\users\matze\onedrive\hs\ss 19\objektorientierte systeme\oos semester 2019\labor_4_1_medien in einer bibliothek\debug\buch.obj
c:\users\matze\onedrive\hs\ss 19\objektorientierte systeme\oos semester 2019\labor_4_1_medien in einer bibliothek\debug\bibliothek.obj
c:\users\matze\onedrive\hs\ss 19\objektorientierte systeme\oos semester 2019\labor_4_1_medien in einer bibliothek\debug\main.obj
c:\users\matze\onedrive\hs\ss 19\objektorientierte systeme\oos semester 2019\labor_4_1_medien in einer bibliothek\debug\dozent.obj
c:\users\matze\onedrive\hs\ss 19\objektorientierte systeme\oos semester 2019\debug\labor_4_1_medien in einer bibliothek.pdb
c:\users\matze\onedrive\hs\ss 19\objektorientierte systeme\oos semester 2019\labor_4_1_medien in einer bibliothek\debug\labor_4_.1ec0d0ed.tlog\cl.command.1.tlog
c:\users\matze\onedrive\hs\ss 19\objektorientierte systeme\oos semester 2019\labor_4_1_medien in einer bibliothek\debug\labor_4_.1ec0d0ed.tlog\cl.read.1.tlog
c:\users\matze\onedrive\hs\ss 19\objektorientierte systeme\oos semester 2019\labor_4_1_medien in einer bibliothek\debug\labor_4_.1ec0d0ed.tlog\cl.write.1.tlog
c:\users\matze\onedrive\hs\ss 19\objektorientierte systeme\oos semester 2019\labor_4_1_medien in einer bibliothek\debug\labor_4_.1ec0d0ed.tlog\link.19072-cvtres.read.1.tlog
c:\users\matze\onedrive\hs\ss 19\objektorientierte systeme\oos semester 2019\labor_4_1_medien in einer bibliothek\debug\labor_4_.1ec0d0ed.tlog\link.19072-cvtres.write.1.tlog
c:\users\matze\onedrive\hs\ss 19\objektorientierte systeme\oos semester 2019\labor_4_1_medien in einer bibliothek\debug\labor_4_.1ec0d0ed.tlog\link.19072-rc.read.1.tlog
c:\users\matze\onedrive\hs\ss 19\objektorientierte systeme\oos semester 2019\labor_4_1_medien in einer bibliothek\debug\labor_4_.1ec0d0ed.tlog\link.19072-rc.write.1.tlog
c:\users\matze\onedrive\hs\ss 19\objektorientierte systeme\oos semester 2019\labor_4_1_medien in einer bibliothek\debug\labor_4_.1ec0d0ed.tlog\link.19072.read.1.tlog
c:\users\matze\onedrive\hs\ss 19\objektorientierte systeme\oos semester 2019\labor_4_1_medien in einer bibliothek\debug\labor_4_.1ec0d0ed.tlog\link.19072.write.1.tlog
c:\users\matze\onedrive\hs\ss 19\objektorientierte systeme\oos semester 2019\labor_4_1_medien in einer bibliothek\debug\labor_4_.1ec0d0ed.tlog\link.command.1.tlog
c:\users\matze\onedrive\hs\ss 19\objektorientierte systeme\oos semester 2019\labor_4_1_medien in einer bibliothek\debug\labor_4_.1ec0d0ed.tlog\link.read.1.tlog
c:\users\matze\onedrive\hs\ss 19\objektorientierte systeme\oos semester 2019\labor_4_1_medien in einer bibliothek\debug\labor_4_.1ec0d0ed.tlog\link.write.1.tlog
