c:\users\matze\onedrive\hs\ss 19\objektorientierte systeme\oos semester 2019\labor_2_3\debug\vc142.pdb
c:\users\matze\onedrive\hs\ss 19\objektorientierte systeme\oos semester 2019\labor_2_3\debug\vc142.idb
c:\users\matze\onedrive\hs\ss 19\objektorientierte systeme\oos semester 2019\labor_2_3\debug\polygonline.obj
c:\users\matze\onedrive\hs\ss 19\objektorientierte systeme\oos semester 2019\labor_2_3\debug\point.obj
c:\users\matze\onedrive\hs\ss 19\objektorientierte systeme\oos semester 2019\labor_2_3\debug\plgelement.obj
c:\users\matze\onedrive\hs\ss 19\objektorientierte systeme\oos semester 2019\labor_2_3\debug\main.obj
c:\users\matze\onedrive\hs\ss 19\objektorientierte systeme\oos semester 2019\labor_2_3\debug\circle.obj
c:\users\matze\onedrive\hs\ss 19\objektorientierte systeme\oos semester 2019\debug\labor_2_3 grafische objekte 1.exe
c:\users\matze\onedrive\hs\ss 19\objektorientierte systeme\oos semester 2019\debug\labor_2_3 grafische objekte 1.ilk
c:\users\matze\onedrive\hs\ss 19\objektorientierte systeme\oos semester 2019\debug\labor_2_3 grafische objekte 1.pdb
c:\users\matze\onedrive\hs\ss 19\objektorientierte systeme\oos semester 2019\labor_2_3\debug\plgelement2.obj
c:\users\matze\onedrive\hs\ss 19\objektorientierte systeme\oos semester 2019\labor_2_3\debug\polygonline2.obj
c:\users\matze\onedrive\hs\ss 19\objektorientierte systeme\oos semester 2019\labor_2_3\debug\vc141.idb
c:\users\matze\onedrive\hs\ss 19\objektorientierte systeme\oos semester 2019\labor_2_3\debug\vc141.pdb
c:\users\matze\onedrive\hs\ss 19\objektorientierte systeme\oos semester 2019\labor_2_3\debug\labor_2_.73ad1223.tlog\cl.command.1.tlog
c:\users\matze\onedrive\hs\ss 19\objektorientierte systeme\oos semester 2019\labor_2_3\debug\labor_2_.73ad1223.tlog\cl.read.1.tlog
c:\users\matze\onedrive\hs\ss 19\objektorientierte systeme\oos semester 2019\labor_2_3\debug\labor_2_.73ad1223.tlog\cl.write.1.tlog
c:\users\matze\onedrive\hs\ss 19\objektorientierte systeme\oos semester 2019\labor_2_3\debug\labor_2_.73ad1223.tlog\link.command.1.tlog
c:\users\matze\onedrive\hs\ss 19\objektorientierte systeme\oos semester 2019\labor_2_3\debug\labor_2_.73ad1223.tlog\link.read.1.tlog
c:\users\matze\onedrive\hs\ss 19\objektorientierte systeme\oos semester 2019\labor_2_3\debug\labor_2_.73ad1223.tlog\link.write.1.tlog
